Log: 'SearchLog' (02-abr-2014 / 14:59:12)

( Environment currentPos 0
	[WHITE, BLACK, WHITE, WHITE, WHITE, BLACK, WHITE, WHITE, BLACK, WHITE, BLACK, WHITE, WHITE, BLACK, BLACK, WHITE, WHITE, WHITE]@null )
( Environment currentPos 1
	[WHITE, BLACK, WHITE, WHITE, WHITE, BLACK, WHITE, WHITE, BLACK, WHITE, BLACK, WHITE, WHITE, BLACK, BLACK, WHITE, WHITE, WHITE]@Environment currentPos 0
	[WHITE, BLACK, WHITE, WHITE, WHITE, BLACK, WHITE, WHITE, BLACK, WHITE, BLACK, WHITE, WHITE, BLACK, BLACK, WHITE, WHITE, WHITE] ## Environment currentPos 2
	[WHITE, BLACK, WHITE, WHITE, WHITE, BLACK, WHITE, WHITE, BLACK, WHITE, BLACK, WHITE, WHITE, BLACK, BLACK, WHITE, WHITE, WHITE]@Environment currentPos 0
	[WHITE, BLACK, WHITE, WHITE, WHITE, BLACK, WHITE, WHITE, BLACK, WHITE, BLACK, WHITE, WHITE, BLACK, BLACK, WHITE, WHITE, WHITE] )
( Environment currentPos 5
	[WHITE, BLACK, WHITE, WHITE, WHITE, BLACK, WHITE, WHITE, BLACK, WHITE, BLACK, WHITE, WHITE, BLACK, BLACK, WHITE, WHITE, WHITE]@Environment currentPos 1
	[WHITE, BLACK, WHITE, WHITE, WHITE, BLACK, WHITE, WHITE, BLACK, WHITE, BLACK, WHITE, WHITE, BLACK, BLACK, WHITE, WHITE, WHITE] ## Environment currentPos 2
	[WHITE, BLACK, WHITE, WHITE, WHITE, BLACK, WHITE, WHITE, BLACK, WHITE, BLACK, WHITE, WHITE, BLACK, BLACK, WHITE, WHITE, WHITE]@Environment currentPos 0
	[WHITE, BLACK, WHITE, WHITE, WHITE, BLACK, WHITE, WHITE, BLACK, WHITE, BLACK, WHITE, WHITE, BLACK, BLACK, WHITE, WHITE, WHITE] )
( Environment currentPos 9
	[WHITE, BLACK, WHITE, WHITE, WHITE, BLACK, WHITE, WHITE, BLACK, WHITE, BLACK, WHITE, WHITE, BLACK, BLACK, WHITE, WHITE, WHITE]@Environment currentPos 5
	[WHITE, BLACK, WHITE, WHITE, WHITE, BLACK, WHITE, WHITE, BLACK, WHITE, BLACK, WHITE, WHITE, BLACK, BLACK, WHITE, WHITE, WHITE] ## Environment currentPos 6
	[WHITE, BLACK, WHITE, WHITE, WHITE, BLACK, WHITE, WHITE, BLACK, WHITE, BLACK, WHITE, WHITE, BLACK, BLACK, WHITE, WHITE, WHITE]@Environment currentPos 5
	[WHITE, BLACK, WHITE, WHITE, WHITE, BLACK, WHITE, WHITE, BLACK, WHITE, BLACK, WHITE, WHITE, BLACK, BLACK, WHITE, WHITE, WHITE] ## Environment currentPos 2
	[WHITE, BLACK, WHITE, WHITE, WHITE, BLACK, WHITE, WHITE, BLACK, WHITE, BLACK, WHITE, WHITE, BLACK, BLACK, WHITE, WHITE, WHITE]@Environment currentPos 0
	[WHITE, BLACK, WHITE, WHITE, WHITE, BLACK, WHITE, WHITE, BLACK, WHITE, BLACK, WHITE, WHITE, BLACK, BLACK, WHITE, WHITE, WHITE] )
( Environment currentPos 10
	[WHITE, BLACK, WHITE, WHITE, WHITE, BLACK, WHITE, WHITE, BLACK, WHITE, BLACK, WHITE, WHITE, BLACK, BLACK, WHITE, WHITE, WHITE]@Environment currentPos 9
	[WHITE, BLACK, WHITE, WHITE, WHITE, BLACK, WHITE, WHITE, BLACK, WHITE, BLACK, WHITE, WHITE, BLACK, BLACK, WHITE, WHITE, WHITE] ## Environment currentPos 11
	[WHITE, BLACK, WHITE, WHITE, WHITE, BLACK, WHITE, WHITE, BLACK, WHITE, BLACK, WHITE, WHITE, BLACK, BLACK, WHITE, WHITE, WHITE]@Environment currentPos 9
	[WHITE, BLACK, WHITE, WHITE, WHITE, BLACK, WHITE, WHITE, BLACK, WHITE, BLACK, WHITE, WHITE, BLACK, BLACK, WHITE, WHITE, WHITE] ## Environment currentPos 6
	[WHITE, BLACK, WHITE, WHITE, WHITE, BLACK, WHITE, WHITE, BLACK, WHITE, BLACK, WHITE, WHITE, BLACK, BLACK, WHITE, WHITE, WHITE]@Environment currentPos 5
	[WHITE, BLACK, WHITE, WHITE, WHITE, BLACK, WHITE, WHITE, BLACK, WHITE, BLACK, WHITE, WHITE, BLACK, BLACK, WHITE, WHITE, WHITE] ## Environment currentPos 2
	[WHITE, BLACK, WHITE, WHITE, WHITE, BLACK, WHITE, WHITE, BLACK, WHITE, BLACK, WHITE, WHITE, BLACK, BLACK, WHITE, WHITE, WHITE]@Environment currentPos 0
	[WHITE, BLACK, WHITE, WHITE, WHITE, BLACK, WHITE, WHITE, BLACK, WHITE, BLACK, WHITE, WHITE, BLACK, BLACK, WHITE, WHITE, WHITE] )
( Environment currentPos 14
	[WHITE, BLACK, WHITE, WHITE, WHITE, BLACK, WHITE, WHITE, BLACK, WHITE, BLACK, WHITE, WHITE, BLACK, BLACK, WHITE, WHITE, WHITE]@Environment currentPos 10
	[WHITE, BLACK, WHITE, WHITE, WHITE, BLACK, WHITE, WHITE, BLACK, WHITE, BLACK, WHITE, WHITE, BLACK, BLACK, WHITE, WHITE, WHITE] ## Environment currentPos 11
	[WHITE, BLACK, WHITE, WHITE, WHITE, BLACK, WHITE, WHITE, BLACK, WHITE, BLACK, WHITE, WHITE, BLACK, BLACK, WHITE, WHITE, WHITE]@Environment currentPos 9
	[WHITE, BLACK, WHITE, WHITE, WHITE, BLACK, WHITE, WHITE, BLACK, WHITE, BLACK, WHITE, WHITE, BLACK, BLACK, WHITE, WHITE, WHITE] ## Environment currentPos 6
	[WHITE, BLACK, WHITE, WHITE, WHITE, BLACK, WHITE, WHITE, BLACK, WHITE, BLACK, WHITE, WHITE, BLACK, BLACK, WHITE, WHITE, WHITE]@Environment currentPos 5
	[WHITE, BLACK, WHITE, WHITE, WHITE, BLACK, WHITE, WHITE, BLACK, WHITE, BLACK, WHITE, WHITE, BLACK, BLACK, WHITE, WHITE, WHITE] ## Environment currentPos 2
	[WHITE, BLACK, WHITE, WHITE, WHITE, BLACK, WHITE, WHITE, BLACK, WHITE, BLACK, WHITE, WHITE, BLACK, BLACK, WHITE, WHITE, WHITE]@Environment currentPos 0
	[WHITE, BLACK, WHITE, WHITE, WHITE, BLACK, WHITE, WHITE, BLACK, WHITE, BLACK, WHITE, WHITE, BLACK, BLACK, WHITE, WHITE, WHITE] )
( Environment currentPos 18
	[WHITE, BLACK, WHITE, WHITE, WHITE, BLACK, WHITE, WHITE, BLACK, WHITE, BLACK, WHITE, WHITE, BLACK, BLACK, WHITE, WHITE, WHITE]@Environment currentPos 14
	[WHITE, BLACK, WHITE, WHITE, WHITE, BLACK, WHITE, WHITE, BLACK, WHITE, BLACK, WHITE, WHITE, BLACK, BLACK, WHITE, WHITE, WHITE] ## Environment currentPos 15
	[WHITE, BLACK, WHITE, WHITE, WHITE, BLACK, WHITE, WHITE, BLACK, WHITE, BLACK, WHITE, WHITE, BLACK, BLACK, WHITE, WHITE, WHITE]@Environment currentPos 14
	[WHITE, BLACK, WHITE, WHITE, WHITE, BLACK, WHITE, WHITE, BLACK, WHITE, BLACK, WHITE, WHITE, BLACK, BLACK, WHITE, WHITE, WHITE] ## Environment currentPos 11
	[WHITE, BLACK, WHITE, WHITE, WHITE, BLACK, WHITE, WHITE, BLACK, WHITE, BLACK, WHITE, WHITE, BLACK, BLACK, WHITE, WHITE, WHITE]@Environment currentPos 9
	[WHITE, BLACK, WHITE, WHITE, WHITE, BLACK, WHITE, WHITE, BLACK, WHITE, BLACK, WHITE, WHITE, BLACK, BLACK, WHITE, WHITE, WHITE] ## Environment currentPos 6
	[WHITE, BLACK, WHITE, WHITE, WHITE, BLACK, WHITE, WHITE, BLACK, WHITE, BLACK, WHITE, WHITE, BLACK, BLACK, WHITE, WHITE, WHITE]@Environment currentPos 5
	[WHITE, BLACK, WHITE, WHITE, WHITE, BLACK, WHITE, WHITE, BLACK, WHITE, BLACK, WHITE, WHITE, BLACK, BLACK, WHITE, WHITE, WHITE] ## Environment currentPos 2
	[WHITE, BLACK, WHITE, WHITE, WHITE, BLACK, WHITE, WHITE, BLACK, WHITE, BLACK, WHITE, WHITE, BLACK, BLACK, WHITE, WHITE, WHITE]@Environment currentPos 0
	[WHITE, BLACK, WHITE, WHITE, WHITE, BLACK, WHITE, WHITE, BLACK, WHITE, BLACK, WHITE, WHITE, BLACK, BLACK, WHITE, WHITE, WHITE] )
