Log: 'SearchLog' (20-mar-2014 / 17:48:09)

( Environment currentPos 0
	[WHITE, BLACK, WHITE, WHITE, WHITE, BLACK, WHITE, WHITE, BLACK, WHITE, BLACK, WHITE, WHITE, BLACK, BLACK, WHITE, WHITE, WHITE]@null )
( Environment currentPos 1
	[WHITE, BLACK, WHITE, WHITE, WHITE, BLACK, WHITE, WHITE, BLACK, WHITE, BLACK, WHITE, WHITE, BLACK, BLACK, WHITE, WHITE, WHITE]@Environment currentPos 0
	[WHITE, BLACK, WHITE, WHITE, WHITE, BLACK, WHITE, WHITE, BLACK, WHITE, BLACK, WHITE, WHITE, BLACK, BLACK, WHITE, WHITE, WHITE] ## Environment currentPos 2
	[WHITE, BLACK, WHITE, WHITE, WHITE, BLACK, WHITE, WHITE, BLACK, WHITE, BLACK, WHITE, WHITE, BLACK, BLACK, WHITE, WHITE, WHITE]@Environment currentPos 0
	[WHITE, BLACK, WHITE, WHITE, WHITE, BLACK, WHITE, WHITE, BLACK, WHITE, BLACK, WHITE, WHITE, BLACK, BLACK, WHITE, WHITE, WHITE] )
( Environment currentPos 2
	[WHITE, BLACK, WHITE, WHITE, WHITE, BLACK, WHITE, WHITE, BLACK, WHITE, BLACK, WHITE, WHITE, BLACK, BLACK, WHITE, WHITE, WHITE]@Environment currentPos 0
	[WHITE, BLACK, WHITE, WHITE, WHITE, BLACK, WHITE, WHITE, BLACK, WHITE, BLACK, WHITE, WHITE, BLACK, BLACK, WHITE, WHITE, WHITE] ## Environment currentPos 5
	[WHITE, BLACK, WHITE, WHITE, WHITE, BLACK, WHITE, WHITE, BLACK, WHITE, BLACK, WHITE, WHITE, BLACK, BLACK, WHITE, WHITE, WHITE]@Environment currentPos 1
	[WHITE, BLACK, WHITE, WHITE, WHITE, BLACK, WHITE, WHITE, BLACK, WHITE, BLACK, WHITE, WHITE, BLACK, BLACK, WHITE, WHITE, WHITE] )
( Environment currentPos 5
	[WHITE, BLACK, WHITE, WHITE, WHITE, BLACK, WHITE, WHITE, BLACK, WHITE, BLACK, WHITE, WHITE, BLACK, BLACK, WHITE, WHITE, WHITE]@Environment currentPos 1
	[WHITE, BLACK, WHITE, WHITE, WHITE, BLACK, WHITE, WHITE, BLACK, WHITE, BLACK, WHITE, WHITE, BLACK, BLACK, WHITE, WHITE, WHITE] ## Environment currentPos 3
	[WHITE, BLACK, WHITE, WHITE, WHITE, BLACK, WHITE, WHITE, BLACK, WHITE, BLACK, WHITE, WHITE, BLACK, BLACK, WHITE, WHITE, WHITE]@Environment currentPos 2
	[WHITE, BLACK, WHITE, WHITE, WHITE, BLACK, WHITE, WHITE, BLACK, WHITE, BLACK, WHITE, WHITE, BLACK, BLACK, WHITE, WHITE, WHITE] ## Environment currentPos 4
	[WHITE, BLACK, WHITE, WHITE, WHITE, BLACK, WHITE, WHITE, BLACK, WHITE, BLACK, WHITE, WHITE, BLACK, BLACK, WHITE, WHITE, WHITE]@Environment currentPos 2
	[WHITE, BLACK, WHITE, WHITE, WHITE, BLACK, WHITE, WHITE, BLACK, WHITE, BLACK, WHITE, WHITE, BLACK, BLACK, WHITE, WHITE, WHITE] )
( Environment currentPos 3
	[WHITE, BLACK, WHITE, WHITE, WHITE, BLACK, WHITE, WHITE, BLACK, WHITE, BLACK, WHITE, WHITE, BLACK, BLACK, WHITE, WHITE, WHITE]@Environment currentPos 2
	[WHITE, BLACK, WHITE, WHITE, WHITE, BLACK, WHITE, WHITE, BLACK, WHITE, BLACK, WHITE, WHITE, BLACK, BLACK, WHITE, WHITE, WHITE] ## Environment currentPos 4
	[WHITE, BLACK, WHITE, WHITE, WHITE, BLACK, WHITE, WHITE, BLACK, WHITE, BLACK, WHITE, WHITE, BLACK, BLACK, WHITE, WHITE, WHITE]@Environment currentPos 2
	[WHITE, BLACK, WHITE, WHITE, WHITE, BLACK, WHITE, WHITE, BLACK, WHITE, BLACK, WHITE, WHITE, BLACK, BLACK, WHITE, WHITE, WHITE] ## Environment currentPos 6
	[WHITE, BLACK, WHITE, WHITE, WHITE, BLACK, WHITE, WHITE, BLACK, WHITE, BLACK, WHITE, WHITE, BLACK, BLACK, WHITE, WHITE, WHITE]@Environment currentPos 5
	[WHITE, BLACK, WHITE, WHITE, WHITE, BLACK, WHITE, WHITE, BLACK, WHITE, BLACK, WHITE, WHITE, BLACK, BLACK, WHITE, WHITE, WHITE] ## Environment currentPos 9
	[WHITE, BLACK, WHITE, WHITE, WHITE, BLACK, WHITE, WHITE, BLACK, WHITE, BLACK, WHITE, WHITE, BLACK, BLACK, WHITE, WHITE, WHITE]@Environment currentPos 5
	[WHITE, BLACK, WHITE, WHITE, WHITE, BLACK, WHITE, WHITE, BLACK, WHITE, BLACK, WHITE, WHITE, BLACK, BLACK, WHITE, WHITE, WHITE] )
( Environment currentPos 4
	[WHITE, BLACK, WHITE, WHITE, WHITE, BLACK, WHITE, WHITE, BLACK, WHITE, BLACK, WHITE, WHITE, BLACK, BLACK, WHITE, WHITE, WHITE]@Environment currentPos 2
	[WHITE, BLACK, WHITE, WHITE, WHITE, BLACK, WHITE, WHITE, BLACK, WHITE, BLACK, WHITE, WHITE, BLACK, BLACK, WHITE, WHITE, WHITE] ## Environment currentPos 6
	[WHITE, BLACK, WHITE, WHITE, WHITE, BLACK, WHITE, WHITE, BLACK, WHITE, BLACK, WHITE, WHITE, BLACK, BLACK, WHITE, WHITE, WHITE]@Environment currentPos 5
	[WHITE, BLACK, WHITE, WHITE, WHITE, BLACK, WHITE, WHITE, BLACK, WHITE, BLACK, WHITE, WHITE, BLACK, BLACK, WHITE, WHITE, WHITE] ## Environment currentPos 9
	[WHITE, BLACK, WHITE, WHITE, WHITE, BLACK, WHITE, WHITE, BLACK, WHITE, BLACK, WHITE, WHITE, BLACK, BLACK, WHITE, WHITE, WHITE]@Environment currentPos 5
	[WHITE, BLACK, WHITE, WHITE, WHITE, BLACK, WHITE, WHITE, BLACK, WHITE, BLACK, WHITE, WHITE, BLACK, BLACK, WHITE, WHITE, WHITE] )
( Environment currentPos 6
	[WHITE, BLACK, WHITE, WHITE, WHITE, BLACK, WHITE, WHITE, BLACK, WHITE, BLACK, WHITE, WHITE, BLACK, BLACK, WHITE, WHITE, WHITE]@Environment currentPos 5
	[WHITE, BLACK, WHITE, WHITE, WHITE, BLACK, WHITE, WHITE, BLACK, WHITE, BLACK, WHITE, WHITE, BLACK, BLACK, WHITE, WHITE, WHITE] ## Environment currentPos 9
	[WHITE, BLACK, WHITE, WHITE, WHITE, BLACK, WHITE, WHITE, BLACK, WHITE, BLACK, WHITE, WHITE, BLACK, BLACK, WHITE, WHITE, WHITE]@Environment currentPos 5
	[WHITE, BLACK, WHITE, WHITE, WHITE, BLACK, WHITE, WHITE, BLACK, WHITE, BLACK, WHITE, WHITE, BLACK, BLACK, WHITE, WHITE, WHITE] )
( Environment currentPos 9
	[WHITE, BLACK, WHITE, WHITE, WHITE, BLACK, WHITE, WHITE, BLACK, WHITE, BLACK, WHITE, WHITE, BLACK, BLACK, WHITE, WHITE, WHITE]@Environment currentPos 5
	[WHITE, BLACK, WHITE, WHITE, WHITE, BLACK, WHITE, WHITE, BLACK, WHITE, BLACK, WHITE, WHITE, BLACK, BLACK, WHITE, WHITE, WHITE] ## Environment currentPos 7
	[WHITE, BLACK, WHITE, WHITE, WHITE, BLACK, WHITE, WHITE, BLACK, WHITE, BLACK, WHITE, WHITE, BLACK, BLACK, WHITE, WHITE, WHITE]@Environment currentPos 6
	[WHITE, BLACK, WHITE, WHITE, WHITE, BLACK, WHITE, WHITE, BLACK, WHITE, BLACK, WHITE, WHITE, BLACK, BLACK, WHITE, WHITE, WHITE] ## Environment currentPos 8
	[WHITE, BLACK, WHITE, WHITE, WHITE, BLACK, WHITE, WHITE, BLACK, WHITE, BLACK, WHITE, WHITE, BLACK, BLACK, WHITE, WHITE, WHITE]@Environment currentPos 6
	[WHITE, BLACK, WHITE, WHITE, WHITE, BLACK, WHITE, WHITE, BLACK, WHITE, BLACK, WHITE, WHITE, BLACK, BLACK, WHITE, WHITE, WHITE] )
( Environment currentPos 7
	[WHITE, BLACK, WHITE, WHITE, WHITE, BLACK, WHITE, WHITE, BLACK, WHITE, BLACK, WHITE, WHITE, BLACK, BLACK, WHITE, WHITE, WHITE]@Environment currentPos 6
	[WHITE, BLACK, WHITE, WHITE, WHITE, BLACK, WHITE, WHITE, BLACK, WHITE, BLACK, WHITE, WHITE, BLACK, BLACK, WHITE, WHITE, WHITE] ## Environment currentPos 8
	[WHITE, BLACK, WHITE, WHITE, WHITE, BLACK, WHITE, WHITE, BLACK, WHITE, BLACK, WHITE, WHITE, BLACK, BLACK, WHITE, WHITE, WHITE]@Environment currentPos 6
	[WHITE, BLACK, WHITE, WHITE, WHITE, BLACK, WHITE, WHITE, BLACK, WHITE, BLACK, WHITE, WHITE, BLACK, BLACK, WHITE, WHITE, WHITE] ## Environment currentPos 10
	[WHITE, BLACK, WHITE, WHITE, WHITE, BLACK, WHITE, WHITE, BLACK, WHITE, BLACK, WHITE, WHITE, BLACK, BLACK, WHITE, WHITE, WHITE]@Environment currentPos 9
	[WHITE, BLACK, WHITE, WHITE, WHITE, BLACK, WHITE, WHITE, BLACK, WHITE, BLACK, WHITE, WHITE, BLACK, BLACK, WHITE, WHITE, WHITE] ## Environment currentPos 11
	[WHITE, BLACK, WHITE, WHITE, WHITE, BLACK, WHITE, WHITE, BLACK, WHITE, BLACK, WHITE, WHITE, BLACK, BLACK, WHITE, WHITE, WHITE]@Environment currentPos 9
	[WHITE, BLACK, WHITE, WHITE, WHITE, BLACK, WHITE, WHITE, BLACK, WHITE, BLACK, WHITE, WHITE, BLACK, BLACK, WHITE, WHITE, WHITE] )
( Environment currentPos 8
	[WHITE, BLACK, WHITE, WHITE, WHITE, BLACK, WHITE, WHITE, BLACK, WHITE, BLACK, WHITE, WHITE, BLACK, BLACK, WHITE, WHITE, WHITE]@Environment currentPos 6
	[WHITE, BLACK, WHITE, WHITE, WHITE, BLACK, WHITE, WHITE, BLACK, WHITE, BLACK, WHITE, WHITE, BLACK, BLACK, WHITE, WHITE, WHITE] ## Environment currentPos 10
	[WHITE, BLACK, WHITE, WHITE, WHITE, BLACK, WHITE, WHITE, BLACK, WHITE, BLACK, WHITE, WHITE, BLACK, BLACK, WHITE, WHITE, WHITE]@Environment currentPos 9
	[WHITE, BLACK, WHITE, WHITE, WHITE, BLACK, WHITE, WHITE, BLACK, WHITE, BLACK, WHITE, WHITE, BLACK, BLACK, WHITE, WHITE, WHITE] ## Environment currentPos 11
	[WHITE, BLACK, WHITE, WHITE, WHITE, BLACK, WHITE, WHITE, BLACK, WHITE, BLACK, WHITE, WHITE, BLACK, BLACK, WHITE, WHITE, WHITE]@Environment currentPos 9
	[WHITE, BLACK, WHITE, WHITE, WHITE, BLACK, WHITE, WHITE, BLACK, WHITE, BLACK, WHITE, WHITE, BLACK, BLACK, WHITE, WHITE, WHITE] )
( Environment currentPos 10
	[WHITE, BLACK, WHITE, WHITE, WHITE, BLACK, WHITE, WHITE, BLACK, WHITE, BLACK, WHITE, WHITE, BLACK, BLACK, WHITE, WHITE, WHITE]@Environment currentPos 9
	[WHITE, BLACK, WHITE, WHITE, WHITE, BLACK, WHITE, WHITE, BLACK, WHITE, BLACK, WHITE, WHITE, BLACK, BLACK, WHITE, WHITE, WHITE] ## Environment currentPos 11
	[WHITE, BLACK, WHITE, WHITE, WHITE, BLACK, WHITE, WHITE, BLACK, WHITE, BLACK, WHITE, WHITE, BLACK, BLACK, WHITE, WHITE, WHITE]@Environment currentPos 9
	[WHITE, BLACK, WHITE, WHITE, WHITE, BLACK, WHITE, WHITE, BLACK, WHITE, BLACK, WHITE, WHITE, BLACK, BLACK, WHITE, WHITE, WHITE] ## Environment currentPos 12
	[WHITE, BLACK, WHITE, WHITE, WHITE, BLACK, WHITE, WHITE, BLACK, WHITE, BLACK, WHITE, WHITE, BLACK, BLACK, WHITE, WHITE, WHITE]@Environment currentPos 8
	[WHITE, BLACK, WHITE, WHITE, WHITE, BLACK, WHITE, WHITE, BLACK, WHITE, BLACK, WHITE, WHITE, BLACK, BLACK, WHITE, WHITE, WHITE] )
( Environment currentPos 11
	[WHITE, BLACK, WHITE, WHITE, WHITE, BLACK, WHITE, WHITE, BLACK, WHITE, BLACK, WHITE, WHITE, BLACK, BLACK, WHITE, WHITE, WHITE]@Environment currentPos 9
	[WHITE, BLACK, WHITE, WHITE, WHITE, BLACK, WHITE, WHITE, BLACK, WHITE, BLACK, WHITE, WHITE, BLACK, BLACK, WHITE, WHITE, WHITE] ## Environment currentPos 12
	[WHITE, BLACK, WHITE, WHITE, WHITE, BLACK, WHITE, WHITE, BLACK, WHITE, BLACK, WHITE, WHITE, BLACK, BLACK, WHITE, WHITE, WHITE]@Environment currentPos 8
	[WHITE, BLACK, WHITE, WHITE, WHITE, BLACK, WHITE, WHITE, BLACK, WHITE, BLACK, WHITE, WHITE, BLACK, BLACK, WHITE, WHITE, WHITE] ## Environment currentPos 14
	[WHITE, BLACK, WHITE, WHITE, WHITE, BLACK, WHITE, WHITE, BLACK, WHITE, BLACK, WHITE, WHITE, BLACK, BLACK, WHITE, WHITE, WHITE]@Environment currentPos 10
	[WHITE, BLACK, WHITE, WHITE, WHITE, BLACK, WHITE, WHITE, BLACK, WHITE, BLACK, WHITE, WHITE, BLACK, BLACK, WHITE, WHITE, WHITE] )
( Environment currentPos 12
	[WHITE, BLACK, WHITE, WHITE, WHITE, BLACK, WHITE, WHITE, BLACK, WHITE, BLACK, WHITE, WHITE, BLACK, BLACK, WHITE, WHITE, WHITE]@Environment currentPos 8
	[WHITE, BLACK, WHITE, WHITE, WHITE, BLACK, WHITE, WHITE, BLACK, WHITE, BLACK, WHITE, WHITE, BLACK, BLACK, WHITE, WHITE, WHITE] ## Environment currentPos 14
	[WHITE, BLACK, WHITE, WHITE, WHITE, BLACK, WHITE, WHITE, BLACK, WHITE, BLACK, WHITE, WHITE, BLACK, BLACK, WHITE, WHITE, WHITE]@Environment currentPos 10
	[WHITE, BLACK, WHITE, WHITE, WHITE, BLACK, WHITE, WHITE, BLACK, WHITE, BLACK, WHITE, WHITE, BLACK, BLACK, WHITE, WHITE, WHITE] ## Environment currentPos 13
	[WHITE, BLACK, WHITE, WHITE, WHITE, BLACK, WHITE, WHITE, BLACK, WHITE, BLACK, WHITE, WHITE, BLACK, BLACK, WHITE, WHITE, WHITE]@Environment currentPos 11
	[WHITE, BLACK, WHITE, WHITE, WHITE, BLACK, WHITE, WHITE, BLACK, WHITE, BLACK, WHITE, WHITE, BLACK, BLACK, WHITE, WHITE, WHITE] )
( Environment currentPos 14
	[WHITE, BLACK, WHITE, WHITE, WHITE, BLACK, WHITE, WHITE, BLACK, WHITE, BLACK, WHITE, WHITE, BLACK, BLACK, WHITE, WHITE, WHITE]@Environment currentPos 10
	[WHITE, BLACK, WHITE, WHITE, WHITE, BLACK, WHITE, WHITE, BLACK, WHITE, BLACK, WHITE, WHITE, BLACK, BLACK, WHITE, WHITE, WHITE] ## Environment currentPos 13
	[WHITE, BLACK, WHITE, WHITE, WHITE, BLACK, WHITE, WHITE, BLACK, WHITE, BLACK, WHITE, WHITE, BLACK, BLACK, WHITE, WHITE, WHITE]@Environment currentPos 11
	[WHITE, BLACK, WHITE, WHITE, WHITE, BLACK, WHITE, WHITE, BLACK, WHITE, BLACK, WHITE, WHITE, BLACK, BLACK, WHITE, WHITE, WHITE] )
( Environment currentPos 13
	[WHITE, BLACK, WHITE, WHITE, WHITE, BLACK, WHITE, WHITE, BLACK, WHITE, BLACK, WHITE, WHITE, BLACK, BLACK, WHITE, WHITE, WHITE]@Environment currentPos 11
	[WHITE, BLACK, WHITE, WHITE, WHITE, BLACK, WHITE, WHITE, BLACK, WHITE, BLACK, WHITE, WHITE, BLACK, BLACK, WHITE, WHITE, WHITE] ## Environment currentPos 15
	[WHITE, BLACK, WHITE, WHITE, WHITE, BLACK, WHITE, WHITE, BLACK, WHITE, BLACK, WHITE, WHITE, BLACK, BLACK, WHITE, WHITE, WHITE]@Environment currentPos 14
	[WHITE, BLACK, WHITE, WHITE, WHITE, BLACK, WHITE, WHITE, BLACK, WHITE, BLACK, WHITE, WHITE, BLACK, BLACK, WHITE, WHITE, WHITE] ## Environment currentPos 18
	[WHITE, BLACK, WHITE, WHITE, WHITE, BLACK, WHITE, WHITE, BLACK, WHITE, BLACK, WHITE, WHITE, BLACK, BLACK, WHITE, WHITE, WHITE]@Environment currentPos 14
	[WHITE, BLACK, WHITE, WHITE, WHITE, BLACK, WHITE, WHITE, BLACK, WHITE, BLACK, WHITE, WHITE, BLACK, BLACK, WHITE, WHITE, WHITE] )
( Environment currentPos 15
	[WHITE, BLACK, WHITE, WHITE, WHITE, BLACK, WHITE, WHITE, BLACK, WHITE, BLACK, WHITE, WHITE, BLACK, BLACK, WHITE, WHITE, WHITE]@Environment currentPos 14
	[WHITE, BLACK, WHITE, WHITE, WHITE, BLACK, WHITE, WHITE, BLACK, WHITE, BLACK, WHITE, WHITE, BLACK, BLACK, WHITE, WHITE, WHITE] ## Environment currentPos 18
	[WHITE, BLACK, WHITE, WHITE, WHITE, BLACK, WHITE, WHITE, BLACK, WHITE, BLACK, WHITE, WHITE, BLACK, BLACK, WHITE, WHITE, WHITE]@Environment currentPos 14
	[WHITE, BLACK, WHITE, WHITE, WHITE, BLACK, WHITE, WHITE, BLACK, WHITE, BLACK, WHITE, WHITE, BLACK, BLACK, WHITE, WHITE, WHITE] ## Environment currentPos 17
	[WHITE, BLACK, WHITE, WHITE, WHITE, BLACK, WHITE, WHITE, BLACK, WHITE, BLACK, WHITE, WHITE, BLACK, BLACK, WHITE, WHITE, WHITE]@Environment currentPos 13
	[WHITE, BLACK, WHITE, WHITE, WHITE, BLACK, WHITE, WHITE, BLACK, WHITE, BLACK, WHITE, WHITE, BLACK, BLACK, WHITE, WHITE, WHITE] )
( Environment currentPos 18
	[WHITE, BLACK, WHITE, WHITE, WHITE, BLACK, WHITE, WHITE, BLACK, WHITE, BLACK, WHITE, WHITE, BLACK, BLACK, WHITE, WHITE, WHITE]@Environment currentPos 14
	[WHITE, BLACK, WHITE, WHITE, WHITE, BLACK, WHITE, WHITE, BLACK, WHITE, BLACK, WHITE, WHITE, BLACK, BLACK, WHITE, WHITE, WHITE] ## Environment currentPos 17
	[WHITE, BLACK, WHITE, WHITE, WHITE, BLACK, WHITE, WHITE, BLACK, WHITE, BLACK, WHITE, WHITE, BLACK, BLACK, WHITE, WHITE, WHITE]@Environment currentPos 13
	[WHITE, BLACK, WHITE, WHITE, WHITE, BLACK, WHITE, WHITE, BLACK, WHITE, BLACK, WHITE, WHITE, BLACK, BLACK, WHITE, WHITE, WHITE] ## Environment currentPos 16
	[WHITE, BLACK, WHITE, WHITE, WHITE, BLACK, WHITE, WHITE, BLACK, WHITE, BLACK, WHITE, WHITE, BLACK, BLACK, WHITE, WHITE, WHITE]@Environment currentPos 15
	[WHITE, BLACK, WHITE, WHITE, WHITE, BLACK, WHITE, WHITE, BLACK, WHITE, BLACK, WHITE, WHITE, BLACK, BLACK, WHITE, WHITE, WHITE] )
