Log: 'SearchLog' (14-abr-2014 / 19:50:32)

( Environment currentPos 0
	[BLACK, UNKNOWN, UNKNOWN, UNKNOWN, UNKNOWN, UNKNOWN, UNKNOWN, UNKNOWN, UNKNOWN, UNKNOWN, UNKNOWN, UNKNOWN, UNKNOWN, UNKNOWN, UNKNOWN, UNKNOWN, UNKNOWN, UNKNOWN]@null )
( Environment currentPos 4
	[BLACK, UNKNOWN, UNKNOWN, UNKNOWN, WHITE, UNKNOWN, UNKNOWN, UNKNOWN, UNKNOWN, UNKNOWN, UNKNOWN, UNKNOWN, UNKNOWN, UNKNOWN, UNKNOWN, UNKNOWN, UNKNOWN, UNKNOWN]@Environment currentPos 0
	[BLACK, UNKNOWN, UNKNOWN, UNKNOWN, WHITE, UNKNOWN, UNKNOWN, UNKNOWN, UNKNOWN, UNKNOWN, UNKNOWN, UNKNOWN, UNKNOWN, UNKNOWN, UNKNOWN, UNKNOWN, UNKNOWN, UNKNOWN] )
( Environment currentPos 6
	[BLACK, UNKNOWN, UNKNOWN, UNKNOWN, WHITE, UNKNOWN, WHITE, UNKNOWN, UNKNOWN, UNKNOWN, UNKNOWN, UNKNOWN, UNKNOWN, UNKNOWN, UNKNOWN, UNKNOWN, UNKNOWN, UNKNOWN]@Environment currentPos 4
	[BLACK, UNKNOWN, UNKNOWN, UNKNOWN, WHITE, UNKNOWN, WHITE, UNKNOWN, UNKNOWN, UNKNOWN, UNKNOWN, UNKNOWN, UNKNOWN, UNKNOWN, UNKNOWN, UNKNOWN, UNKNOWN, UNKNOWN] )
( Environment currentPos 8
	[BLACK, UNKNOWN, UNKNOWN, UNKNOWN, WHITE, UNKNOWN, WHITE, UNKNOWN, WHITE, UNKNOWN, UNKNOWN, UNKNOWN, UNKNOWN, UNKNOWN, UNKNOWN, UNKNOWN, UNKNOWN, UNKNOWN]@Environment currentPos 6
	[BLACK, UNKNOWN, UNKNOWN, UNKNOWN, WHITE, UNKNOWN, WHITE, UNKNOWN, WHITE, UNKNOWN, UNKNOWN, UNKNOWN, UNKNOWN, UNKNOWN, UNKNOWN, UNKNOWN, UNKNOWN, UNKNOWN] )
( Environment currentPos 10
	[BLACK, UNKNOWN, UNKNOWN, UNKNOWN, WHITE, UNKNOWN, WHITE, UNKNOWN, WHITE, UNKNOWN, WHITE, UNKNOWN, UNKNOWN, UNKNOWN, UNKNOWN, UNKNOWN, UNKNOWN, UNKNOWN]@Environment currentPos 8
	[BLACK, UNKNOWN, UNKNOWN, UNKNOWN, WHITE, UNKNOWN, WHITE, UNKNOWN, WHITE, UNKNOWN, WHITE, UNKNOWN, UNKNOWN, UNKNOWN, UNKNOWN, UNKNOWN, UNKNOWN, UNKNOWN] )
( Environment currentPos 12
	[BLACK, UNKNOWN, UNKNOWN, UNKNOWN, WHITE, UNKNOWN, WHITE, UNKNOWN, WHITE, UNKNOWN, WHITE, UNKNOWN, WHITE, UNKNOWN, UNKNOWN, UNKNOWN, UNKNOWN, UNKNOWN]@Environment currentPos 10
	[BLACK, UNKNOWN, UNKNOWN, UNKNOWN, WHITE, UNKNOWN, WHITE, UNKNOWN, WHITE, UNKNOWN, WHITE, UNKNOWN, WHITE, UNKNOWN, UNKNOWN, UNKNOWN, UNKNOWN, UNKNOWN] )
( Environment currentPos 14
	[BLACK, UNKNOWN, UNKNOWN, UNKNOWN, WHITE, UNKNOWN, WHITE, UNKNOWN, WHITE, UNKNOWN, WHITE, UNKNOWN, WHITE, UNKNOWN, WHITE, UNKNOWN, UNKNOWN, UNKNOWN]@Environment currentPos 12
	[BLACK, UNKNOWN, UNKNOWN, UNKNOWN, WHITE, UNKNOWN, WHITE, UNKNOWN, WHITE, UNKNOWN, WHITE, UNKNOWN, WHITE, UNKNOWN, WHITE, UNKNOWN, UNKNOWN, UNKNOWN] )
( Environment currentPos 16
	[BLACK, UNKNOWN, UNKNOWN, UNKNOWN, WHITE, UNKNOWN, WHITE, UNKNOWN, WHITE, UNKNOWN, WHITE, UNKNOWN, WHITE, UNKNOWN, WHITE, UNKNOWN, WHITE, UNKNOWN]@Environment currentPos 14
	[BLACK, UNKNOWN, UNKNOWN, UNKNOWN, WHITE, UNKNOWN, WHITE, UNKNOWN, WHITE, UNKNOWN, WHITE, UNKNOWN, WHITE, UNKNOWN, WHITE, UNKNOWN, WHITE, UNKNOWN] )
( Environment currentPos 18
	[BLACK, UNKNOWN, UNKNOWN, UNKNOWN, WHITE, UNKNOWN, WHITE, UNKNOWN, WHITE, UNKNOWN, WHITE, UNKNOWN, WHITE, UNKNOWN, WHITE, UNKNOWN, WHITE, UNKNOWN]@Environment currentPos 16
	[BLACK, UNKNOWN, UNKNOWN, UNKNOWN, WHITE, UNKNOWN, WHITE, UNKNOWN, WHITE, UNKNOWN, WHITE, UNKNOWN, WHITE, UNKNOWN, WHITE, UNKNOWN, WHITE, UNKNOWN] )
